Logfile from Dez 2018, working

<LOADER:CONSOLE:BEGIN>
Found 14 Kernel Sections:

.text
.rodata
.bss
.symtab
.strtab
.rel.text
.rela.text
.rel.rodata
native
consolefont.regular
consolefont.bold
elf.header
.shstrtab
Multiboot Flags: 24F
VBE present: no
FrameBuffer present: no
Allocated MemoryMap of Type 10 at 04100000 with Size 00001000
Setup GDT...Done
Allocated MemoryMap of Type 11 at 04101000 with Size 00001000
Allocated MemoryMap of Type 12 at 04102000 with Size 00400000
Setup PageTable
Enable Paging... Done
Mapping Kernel Image from physical 013FF000 to virtual C00FF000
Call Kernel Start at C0102D73
Screen VBE Mode: 4026597203
<KERNEL:CONSOLE:BEGIN>
Starting Lonos Kernel...
bootinfo present
Maps: 16
Map Start=00000000, Size=0009FC00, Type=1
Map Start=0009FC00, Size=00000400, Type=2
Map Start=000F0000, Size=00010000, Type=2
Map Start=00100000, Size=07EE0000, Type=1
Map Start=07FE0000, Size=00020000, Type=2
Map Start=FFFC0000, Size=00040000, Type=2
Map Start=00A02000, Size=00467000, Type=6
Map Start=013FF000, Size=00467000, Type=7
Map Start=00A01000, Size=00001000, Type=8
Map Start=00E69000, Size=00001000, Type=9
Map Start=00900000, Size=00100000, Type=13
Map Start=04000000, Size=00100000, Type=14
Map Start=00000000, Size=000A0000, Type=16
Map Start=04100000, Size=00001000, Type=10
Map Start=04101000, Size=00001000, Type=11
Map Start=04102000, Size=00400000, Type=12
KernelMemoryMapManager: Initial Page: 100000
KernelMemoryMapManager: Allocated: at 01866000, size 003E8000, type 11
Setup ELF Headers
Found embedded ELF at 0185D000
Setup Native Calls
KernelMemoryMapManager: Allocated: at 00E6A000, size 000C0000, type 18
Request 10 MB for MemoryAllocator
Memory free: 117 MB
fb: not present
Setup PIC
Setup IDT
Address of IDT: 00A07000
<BREAK>Interrupt: 33

